d:\all of my folders\assignment\courses\sem 3\comp 348\comp-348-\c\assignment\debug\vc142.pdb
d:\all of my folders\assignment\courses\sem 3\comp 348\comp-348-\c\assignment\debug\vc142.idb
d:\all of my folders\assignment\courses\sem 3\comp 348\comp-348-\c\assignment\debug\test.obj
d:\all of my folders\assignment\courses\sem 3\comp 348\comp-348-\c\assignment\debug\q2.obj
d:\all of my folders\assignment\courses\sem 3\comp 348\comp-348-\c\assignment\debug\q1.obj
d:\all of my folders\assignment\courses\sem 3\comp 348\comp-348-\c\assignment\debug\q3.obj
d:\all of my folders\assignment\courses\sem 3\comp 348\comp-348-\c\assignment\debug\assignment.tlog\cl.command.1.tlog
d:\all of my folders\assignment\courses\sem 3\comp 348\comp-348-\c\assignment\debug\assignment.tlog\cl.read.1.tlog
d:\all of my folders\assignment\courses\sem 3\comp 348\comp-348-\c\assignment\debug\assignment.tlog\cl.write.1.tlog
d:\all of my folders\assignment\courses\sem 3\comp 348\comp-348-\c\assignment\debug\assignment.tlog\link-cvtres.read.1.tlog
d:\all of my folders\assignment\courses\sem 3\comp 348\comp-348-\c\assignment\debug\assignment.tlog\link-cvtres.write.1.tlog
d:\all of my folders\assignment\courses\sem 3\comp 348\comp-348-\c\assignment\debug\assignment.tlog\link-rc.read.1.tlog
d:\all of my folders\assignment\courses\sem 3\comp 348\comp-348-\c\assignment\debug\assignment.tlog\link-rc.write.1.tlog
d:\all of my folders\assignment\courses\sem 3\comp 348\comp-348-\c\assignment\debug\assignment.tlog\link.22928-cvtres.read.1.tlog
d:\all of my folders\assignment\courses\sem 3\comp 348\comp-348-\c\assignment\debug\assignment.tlog\link.22928-cvtres.write.1.tlog
d:\all of my folders\assignment\courses\sem 3\comp 348\comp-348-\c\assignment\debug\assignment.tlog\link.22928-rc.read.1.tlog
d:\all of my folders\assignment\courses\sem 3\comp 348\comp-348-\c\assignment\debug\assignment.tlog\link.22928-rc.write.1.tlog
d:\all of my folders\assignment\courses\sem 3\comp 348\comp-348-\c\assignment\debug\assignment.tlog\link.22928.read.1.tlog
d:\all of my folders\assignment\courses\sem 3\comp 348\comp-348-\c\assignment\debug\assignment.tlog\link.22928.write.1.tlog
d:\all of my folders\assignment\courses\sem 3\comp 348\comp-348-\c\assignment\debug\assignment.tlog\link.command.1.tlog
d:\all of my folders\assignment\courses\sem 3\comp 348\comp-348-\c\assignment\debug\assignment.tlog\link.read.1.tlog
d:\all of my folders\assignment\courses\sem 3\comp 348\comp-348-\c\assignment\debug\assignment.tlog\link.write.1.tlog
